00:40:41,518 F: (ErlangCore.java:208) : Starting CORE Thread[main,6,main]
00:40:41,522 I: (ErlangCore.java:134) : *** starting Erlide v0.13.8.201111171427 (core=0.13.8.201111171427) ***
00:40:41,888 I: (BackendManager.java:109) : Epmd started.
00:40:41,997 I: (ErlangEventHandler.java:31) : Register event handler for *: org.erlide.core.internal.backend.BackendManager$1@4c5e43ee
00:40:42,010 F: (ErlangCore.java:227) : Started CORE
00:40:42,019 F: (ErlideUIPlugin.java:138) : Starting UI Thread[main,6,main]
00:40:42,022 F: (ErlideUIPlugin.java:145) : Started UI
00:42:57,983 F: (BackendFactory.java:34) : Create ide backend
00:42:57,998 F: (BackendFactory.java:45) : Create backend 77189_sa_f42e40_erlide
00:42:58,038 F: (ErlRuntime.java:242) : using cookie 'erlide...'6 (info: 'erlide')
00:42:58,060 F: (ErlangLaunchDelegate.java:80) : doLaunch runtime erlang (erlang)
00:42:58,061 F: (ErlangLaunchDelegate.java:82) : doLaunch cookie erlide (erlide)
00:42:58,062 I: (GenericBackendData.java:56) : Backend data:run mode,  with attributes::
00:42:58,063 I: (GenericBackendData.java:66) : org.eclipse.debug.ui.ATTR_CONSOLE_ENCODING: ISO-8859-1
00:42:58,063 I: (GenericBackendData.java:66) : *..cookie                     : erlide
00:42:58,064 I: (GenericBackendData.java:66) : *..extra_args                 : 
00:42:58,064 I: (GenericBackendData.java:66) : *..managed                    : true
00:42:58,064 I: (GenericBackendData.java:66) : *..nodeName                   : 77189_sa_f42e40_erlide
00:42:58,065 I: (GenericBackendData.java:66) : *..runtime                    : erlang
00:42:58,065 I: (GenericBackendData.java:71) : ---------------
00:42:58,066 F: (ErlangLaunchDelegate.java:153) : START node :> [/usr/local/lib/erlang/bin/erl, -name, 77189_sa_f42e40_erlide@com, -setcookie, erlide] *** /home/sa/www/nitrogen/rel/nitrogen/site
00:42:58,107 F: (ErlangLaunchDelegate.java:170) : process is running
00:42:58,119 F: (ErtsProcess.java:27) : # create ErtsProcess: 77189_sa_f42e40_erlide
00:42:58,122 F: (ErlangLaunchDelegate.java:130) : Started erts: 77189_sa_f42e40_erlide >> 77189_sa_f42e40_erlide
00:42:58,124 F: (Backend.java:246) : 77189_sa_f42e40_erlide@com: waiting connection to peer...
00:42:58,231 F: (ErlRuntime.java:90) : # ping...77189_sa_f42e40_erlide@com main
00:42:58,541 F: (ErlRuntime.java:90) : # ping...77189_sa_f42e40_erlide@com main
00:42:58,843 F: (ErlRuntime.java:90) : # ping...77189_sa_f42e40_erlide@com main
00:42:58,999 F: (ErlRuntime.java:108) : Node 77189_sa_f42e40_erlide@com is up
00:42:59,000 F: (ErlRuntime.java:90) : # ping...77189_sa_f42e40_erlide@com main
00:42:59,242 F: (Backend.java:410) : code server started
00:42:59,243 F: (Backend.java:252) : connected!
00:42:59,272 F: (CodeManager.java:211) : adding /home/sa/Downloads/eclipse/plugins/org.erlide.kernel.builder_0.11.3.201111171427/ebin to code path for @158208273:: Backend<erlang/77189_sa_f42e40_erlide (/usr/local/lib/erlang) R14B04 []>
00:42:59,300 F: (CodeManager.java:211) : adding /home/sa/Downloads/eclipse/configuration/org.eclipse.osgi/bundles/210/1/.cp/ebin to code path for @158208273:: Backend<erlang/77189_sa_f42e40_erlide (/usr/local/lib/erlang) R14B04 []>
00:42:59,346 F: (CodeManager.java:211) : adding /home/sa/Downloads/eclipse/plugins/org.erlide.kernel.debugger_0.11.2.201111171427/ebin to code path for @158208273:: Backend<erlang/77189_sa_f42e40_erlide (/usr/local/lib/erlang) R14B04 []>
00:42:59,365 F: (CodeManager.java:211) : adding /home/sa/Downloads/eclipse/plugins/org.erlide.kernel.ide_0.11.10.201111171427/ebin to code path for @158208273:: Backend<erlang/77189_sa_f42e40_erlide (/usr/local/lib/erlang) R14B04 []>
00:42:59,369 F: (CodeManager.java:211) : adding /home/sa/Downloads/eclipse/plugins/org.erlide.kernel.common_0.11.2.201111171427/ebin to code path for @158208273:: Backend<erlang/77189_sa_f42e40_erlide (/usr/local/lib/erlang) R14B04 []>
00:42:59,380 I: (ErlangEventHandler.java:31) : Register event handler for log: org.erlide.core.backend.events.LogEventHandler@5f73089d
00:42:59,382 I: (ErlangEventHandler.java:31) : Register event handler for erlang_log: org.erlide.core.backend.events.ErlangLogEventHandler@2a606e6
00:42:59,385 F: (ErlConsoleManager.java:39) : console ADDED to Backend<erlang/77189_sa_f42e40_erlide (/usr/local/lib/erlang) R14B04 []>
00:42:59,426 I: (ErlangEventHandler.java:31) : Register event handler for io_server: org.erlide.core.backend.console.ConsoleEventHandler@1a30465
00:42:59,585 S: (ErlangProjectImportWizard.java:231) : null
java.lang.reflect.InvocationTargetException
	at org.erlide.ui.wizards.ErlangProjectImportWizard.createProject(ErlangProjectImportWizard.java:276)
	at org.erlide.ui.wizards.ErlangProjectImportWizard$1.execute(ErlangProjectImportWizard.java:145)
	at org.eclipse.ui.actions.WorkspaceModifyOperation$1.run(WorkspaceModifyOperation.java:106)
	at org.eclipse.core.internal.resources.Workspace.run(Workspace.java:2344)
	at org.eclipse.ui.actions.WorkspaceModifyOperation.run(WorkspaceModifyOperation.java:118)
	at org.eclipse.jface.operation.ModalContext.runInCurrentThread(ModalContext.java:464)
	at org.eclipse.jface.operation.ModalContext.run(ModalContext.java:372)
	at org.eclipse.jface.wizard.WizardDialog.run(WizardDialog.java:1029)
	at org.erlide.ui.wizards.ErlangProjectImportWizard.performFinish(ErlangProjectImportWizard.java:137)
	at org.eclipse.jface.wizard.WizardDialog.finishPressed(WizardDialog.java:827)
	at org.eclipse.jface.wizard.WizardDialog.buttonPressed(WizardDialog.java:432)
	at org.eclipse.jface.dialogs.Dialog$2.widgetSelected(Dialog.java:624)
	at org.eclipse.swt.widgets.TypedListener.handleEvent(TypedListener.java:240)
	at org.eclipse.swt.widgets.EventTable.sendEvent(EventTable.java:84)
	at org.eclipse.swt.widgets.Widget.sendEvent(Widget.java:1258)
	at org.eclipse.swt.widgets.Display.runDeferredEvents(Display.java:3588)
	at org.eclipse.swt.widgets.Display.readAndDispatch(Display.java:3209)
	at org.eclipse.jface.window.Window.runEventLoop(Window.java:825)
	at org.eclipse.jface.window.Window.open(Window.java:801)
	at org.eclipse.ui.internal.handlers.WizardHandler$Import.executeHandler(WizardHandler.java:150)
	at org.eclipse.ui.internal.handlers.WizardHandler.execute(WizardHandler.java:277)
	at org.eclipse.ui.internal.handlers.HandlerProxy.execute(HandlerProxy.java:293)
	at org.eclipse.core.commands.Command.executeWithChecks(Command.java:476)
	at org.eclipse.core.commands.ParameterizedCommand.executeWithChecks(ParameterizedCommand.java:508)
	at org.eclipse.ui.internal.handlers.HandlerService.executeCommand(HandlerService.java:169)
	at org.eclipse.ui.internal.handlers.SlaveHandlerService.executeCommand(SlaveHandlerService.java:241)
	at org.eclipse.ui.internal.actions.CommandAction.runWithEvent(CommandAction.java:157)
	at org.eclipse.jface.action.ActionContributionItem.handleWidgetSelection(ActionContributionItem.java:584)
	at org.eclipse.jface.action.ActionContributionItem.access$2(ActionContributionItem.java:501)
	at org.eclipse.jface.action.ActionContributionItem$5.handleEvent(ActionContributionItem.java:411)
	at org.eclipse.swt.widgets.EventTable.sendEvent(EventTable.java:84)
	at org.eclipse.swt.widgets.Widget.sendEvent(Widget.java:1258)
	at org.eclipse.swt.widgets.Display.runDeferredEvents(Display.java:3588)
	at org.eclipse.swt.widgets.Display.readAndDispatch(Display.java:3209)
	at org.eclipse.ui.internal.Workbench.runEventLoop(Workbench.java:2696)
	at org.eclipse.ui.internal.Workbench.runUI(Workbench.java:2660)
	at org.eclipse.ui.internal.Workbench.access$4(Workbench.java:2494)
	at org.eclipse.ui.internal.Workbench$7.run(Workbench.java:674)
	at org.eclipse.core.databinding.observable.Realm.runWithDefault(Realm.java:332)
	at org.eclipse.ui.internal.Workbench.createAndRunWorkbench(Workbench.java:667)
	at org.eclipse.ui.PlatformUI.createAndRunWorkbench(PlatformUI.java:149)
	at org.eclipse.ui.internal.ide.application.IDEApplication.start(IDEApplication.java:123)
	at org.eclipse.equinox.internal.app.EclipseAppHandle.run(EclipseAppHandle.java:196)
	at org.eclipse.core.runtime.internal.adaptor.EclipseAppLauncher.runApplication(EclipseAppLauncher.java:110)
	at org.eclipse.core.runtime.internal.adaptor.EclipseAppLauncher.start(EclipseAppLauncher.java:79)
	at org.eclipse.core.runtime.adaptor.EclipseStarter.run(EclipseStarter.java:344)
	at org.eclipse.core.runtime.adaptor.EclipseStarter.run(EclipseStarter.java:179)
	at sun.reflect.NativeMethodAccessorImpl.invoke0(Native Method)
	at sun.reflect.NativeMethodAccessorImpl.invoke(NativeMethodAccessorImpl.java:57)
	at sun.reflect.DelegatingMethodAccessorImpl.invoke(DelegatingMethodAccessorImpl.java:43)
	at java.lang.reflect.Method.invoke(Method.java:616)
	at org.eclipse.equinox.launcher.Main.invokeFramework(Main.java:622)
	at org.eclipse.equinox.launcher.Main.basicRun(Main.java:577)
	at org.eclipse.equinox.launcher.Main.run(Main.java:1410)
	at org.eclipse.equinox.launcher.Main.main(Main.java:1386)
Caused by: org.eclipse.core.internal.resources.ResourceException: Invalid project description.
	at org.eclipse.core.internal.resources.Project.checkDescription(Project.java:175)
	at org.eclipse.core.internal.resources.Project.assertCreateRequirements(Project.java:53)
	at org.eclipse.core.internal.resources.Project.create(Project.java:287)
	at org.eclipse.core.internal.resources.Project.create(Project.java:269)
	at org.erlide.ui.wizards.ErlangProjectImportWizard.createProject(ErlangProjectImportWizard.java:262)
	... 54 more
00:44:58,543 I: (ErlangEventHandler.java:31) : Register event handler for processlist: org.erlide.ui.views.processlist.ProcessListView$ViewContentProvider$ProcessEventHandler@3bb0ff0
00:45:31,477 F: (ErlReconcilerStrategy.java:54) : ## initial reconcile dbtest.erl
00:45:34,190 F: (ErlangOutlinePage.java:287) : select main/0
00:45:35,462 F: (ErlangOutlinePage.java:287) : select module: dbtest
00:45:37,269 F: (ErlangOutlinePage.java:287) : select main/0
00:45:39,142 F: (ErlangOutlinePage.java:287) : select main/0
00:45:43,757 F: (ErlangOutlinePage.java:287) : select main/0
00:45:44,813 F: (ErlangOutlinePage.java:287) : select main/0
00:45:46,525 F: (ErlangOutlinePage.java:287) : select main/0
00:46:03,707 F: (ErlModel.java:182) : makeErlangProject  bbb[>  Erlang Model] 
00:46:04,308 F: (ErlReconcilerStrategy.java:54) : ## initial reconcile new_file.erl
00:46:05,982 F: (ErlangOutlinePage.java:287) : select null
00:46:07,435 F: (ErlangOutlinePage.java:287) : select null
00:46:08,277 F: (ErlangOutlinePage.java:287) : select module: new_file
00:46:09,929 F: (ErlangOutlinePage.java:287) : select null
00:46:12,439 F: (ErlangOutlinePage.java:287) : select null
00:46:14,345 F: (ErlangOutlinePage.java:287) : select null
00:46:15,090 F: (ErlangOutlinePage.java:287) : select null
00:46:16,342 F: (ErlangOutlinePage.java:287) : select null
00:46:17,381 F: (ErlangOutlinePage.java:287) : select null
00:46:17,865 F: (BackendFactory.java:39) : Create build backend R14
00:46:17,866 F: (BackendFactory.java:45) : Create backend R14_77189_sa_f73b09
00:46:17,868 F: (ErlRuntime.java:242) : using cookie 'erlide...'6 (info: 'erlide')
00:46:17,926 F: (ErlangLaunchDelegate.java:80) : doLaunch runtime erlang (erlang)
00:46:17,926 F: (ErlangLaunchDelegate.java:82) : doLaunch cookie erlide (erlide)
00:46:17,927 I: (GenericBackendData.java:56) : Backend data:run mode,  with attributes::
00:46:17,928 I: (GenericBackendData.java:66) : org.eclipse.debug.ui.ATTR_CONSOLE_ENCODING: ISO-8859-1
00:46:17,928 I: (GenericBackendData.java:66) : *..cookie                     : erlide
00:46:17,928 I: (GenericBackendData.java:66) : *..extra_args                 : 
00:46:17,929 I: (GenericBackendData.java:66) : *..managed                    : true
00:46:17,929 I: (GenericBackendData.java:66) : *..nodeName                   : R14_77189_sa_f73b09
00:46:17,929 I: (GenericBackendData.java:66) : *..runtime                    : erlang
00:46:17,929 I: (GenericBackendData.java:71) : ---------------
00:46:17,930 F: (ErlangLaunchDelegate.java:153) : START node :> [/usr/local/lib/erlang/bin/erl, -name, R14_77189_sa_f73b09@com, -setcookie, erlide] *** /home/sa/www/nitrogen/rel/nitrogen/site
00:46:17,958 F: (ErlangLaunchDelegate.java:170) : process is running
00:46:17,962 F: (ErtsProcess.java:27) : # create ErtsProcess: R14_77189_sa_f73b09
00:46:17,963 F: (ErlangLaunchDelegate.java:130) : Started erts: R14_77189_sa_f73b09 >> R14_77189_sa_f73b09
00:46:17,964 F: (Backend.java:246) : R14_77189_sa_f73b09@com: waiting connection to peer...
00:46:18,065 F: (ErlRuntime.java:90) : # ping...R14_77189_sa_f73b09@com Text Viewer Hover Presenter
00:46:18,367 F: (ErlRuntime.java:90) : # ping...R14_77189_sa_f73b09@com Text Viewer Hover Presenter
00:46:18,372 F: (ErlRuntime.java:108) : Node R14_77189_sa_f73b09@com is up
00:46:18,372 F: (ErlRuntime.java:90) : # ping...R14_77189_sa_f73b09@com Text Viewer Hover Presenter
00:46:18,577 F: (Backend.java:410) : code server started
00:46:18,577 F: (Backend.java:252) : connected!
00:46:18,579 F: (CodeManager.java:211) : adding /home/sa/Downloads/eclipse/plugins/org.erlide.kernel.builder_0.11.3.201111171427/ebin to code path for @549511563:: Backend<erlang/R14_77189_sa_f73b09 (/usr/local/lib/erlang) R14B04 []>
00:46:18,583 F: (CodeManager.java:211) : adding /home/sa/Downloads/eclipse/configuration/org.eclipse.osgi/bundles/210/1/.cp/ebin to code path for @549511563:: Backend<erlang/R14_77189_sa_f73b09 (/usr/local/lib/erlang) R14B04 []>
00:46:18,587 F: (CodeManager.java:211) : adding /home/sa/Downloads/eclipse/plugins/org.erlide.kernel.debugger_0.11.2.201111171427/ebin to code path for @549511563:: Backend<erlang/R14_77189_sa_f73b09 (/usr/local/lib/erlang) R14B04 []>
00:46:18,602 F: (CodeManager.java:211) : adding /home/sa/Downloads/eclipse/plugins/org.erlide.kernel.ide_0.11.10.201111171427/ebin to code path for @549511563:: Backend<erlang/R14_77189_sa_f73b09 (/usr/local/lib/erlang) R14B04 []>
00:46:18,612 F: (CodeManager.java:211) : adding /home/sa/Downloads/eclipse/plugins/org.erlide.kernel.common_0.11.2.201111171427/ebin to code path for @549511563:: Backend<erlang/R14_77189_sa_f73b09 (/usr/local/lib/erlang) R14B04 []>
00:46:18,622 I: (ErlangEventHandler.java:31) : Register event handler for log: org.erlide.core.backend.events.LogEventHandler@5122152b
00:46:18,624 I: (ErlangEventHandler.java:31) : Register event handler for erlang_log: org.erlide.core.backend.events.ErlangLogEventHandler@2b27d19d
00:46:18,626 F: (ErlConsoleManager.java:39) : console ADDED to Backend<erlang/R14_77189_sa_f73b09 (/usr/local/lib/erlang) R14B04 []>
00:46:18,633 I: (ErlangEventHandler.java:31) : Register event handler for io_server: org.erlide.core.backend.console.ConsoleEventHandler@2d6cf47f
00:46:18,642 F: (ErlideDoc.java:46) : getDoc:: mod1143628968_new_file.erl 176 []
00:46:18,649 F: (ErlideDoc.java:51) : error
